2014-01-30 22:00:26 Error: [MissingActionException] Action LocationsController::hola() could not be found.
Exception Attributes: array (
  'controller' => 'LocationsController',
  'action' => 'hola',
)
Request URL: /destinos/locations/hola
Stack Trace:
#0 C:\wamp\www\destinos\lib\Cake\Routing\Dispatcher.php(185): Controller->invokeAction(Object(CakeRequest))
#1 C:\wamp\www\destinos\lib\Cake\Routing\Dispatcher.php(160): Dispatcher->_invoke(Object(LocationsController), Object(CakeRequest), Object(CakeResponse))
#2 C:\wamp\www\destinos\app\webroot\index.php(108): Dispatcher->dispatch(Object(CakeRequest), Object(CakeResponse))
#3 {main}
2014-01-30 22:00:48 Error: [MissingViewException] View file "C:\wamp\www\destinos\app\View\Locations\hola.ctp" is missing.
Exception Attributes: array (
  'file' => 'C:\\wamp\\www\\destinos\\app\\View\\Locations\\hola.ctp',
)
Request URL: /destinos/locations/hola
Stack Trace:
#0 C:\wamp\www\destinos\lib\Cake\View\View.php(457): View->_getViewFileName(NULL)
#1 C:\wamp\www\destinos\lib\Cake\Controller\Controller.php(952): View->render(NULL, NULL)
#2 C:\wamp\www\destinos\lib\Cake\Routing\Dispatcher.php(192): Controller->render()
#3 C:\wamp\www\destinos\lib\Cake\Routing\Dispatcher.php(160): Dispatcher->_invoke(Object(LocationsController), Object(CakeRequest), Object(CakeResponse))
#4 C:\wamp\www\destinos\app\webroot\index.php(108): Dispatcher->dispatch(Object(CakeRequest), Object(CakeResponse))
#5 {main}
2014-01-30 22:24:06 Error: [MissingActionException] Action LocationsController::hola() could not be found.
Exception Attributes: array (
  'controller' => 'LocationsController',
  'action' => 'hola',
)
Request URL: /destinos/locations/hola
Stack Trace:
#0 C:\wamp\www\destinos\lib\Cake\Routing\Dispatcher.php(185): Controller->invokeAction(Object(CakeRequest))
#1 C:\wamp\www\destinos\lib\Cake\Routing\Dispatcher.php(160): Dispatcher->_invoke(Object(LocationsController), Object(CakeRequest), Object(CakeResponse))
#2 C:\wamp\www\destinos\app\webroot\index.php(108): Dispatcher->dispatch(Object(CakeRequest), Object(CakeResponse))
#3 {main}
2014-01-30 22:31:55 Error: [MissingActionException] Action LocationsController::hola() could not be found.
Exception Attributes: array (
  'controller' => 'LocationsController',
  'action' => 'hola',
)
Request URL: /destinos/locations/hola
Stack Trace:
#0 C:\wamp\www\destinos\lib\Cake\Routing\Dispatcher.php(185): Controller->invokeAction(Object(CakeRequest))
#1 C:\wamp\www\destinos\lib\Cake\Routing\Dispatcher.php(160): Dispatcher->_invoke(Object(LocationsController), Object(CakeRequest), Object(CakeResponse))
#2 C:\wamp\www\destinos\app\webroot\index.php(108): Dispatcher->dispatch(Object(CakeRequest), Object(CakeResponse))
#3 {main}
2014-03-30 20:14:21 Error: Fatal Error (1): Call to a member function allow() on a non-object in [C:\wamp\www\destinos\admin\Controller\UsersController.php, line 22]
2014-03-30 20:14:21 Error: [FatalErrorException] Call to a member function allow() on a non-object
Request URL: /destinos/admin/users/add
Stack Trace:
#0 C:\wamp\www\destinos\lib\Cake\Error\ErrorHandler.php(203): ErrorHandler::handleFatalError(1, 'Call to a membe...', 'C:\wamp\www\des...', 22)
#1 [internal function]: ErrorHandler::handleError(1, 'Call to a membe...', 'C:\wamp\www\des...', 22, Array)
#2 C:\wamp\www\destinos\lib\Cake\Core\App.php(929): call_user_func('ErrorHandler::h...', 1, 'Call to a membe...', 'C:\wamp\www\des...', 22, Array)
#3 C:\wamp\www\destinos\lib\Cake\Core\App.php(902): App::_checkFatalError()
#4 [internal function]: App::shutdown()
#5 {main}
2014-03-30 20:14:56 Error: [MissingActionException] Action UsersController::login() could not be found.
Exception Attributes: array (
  'controller' => 'UsersController',
  'action' => 'login',
)
Request URL: /destinos/admin/users/login
Stack Trace:
#0 C:\wamp\www\destinos\lib\Cake\Routing\Dispatcher.php(185): Controller->invokeAction(Object(CakeRequest))
#1 C:\wamp\www\destinos\lib\Cake\Routing\Dispatcher.php(160): Dispatcher->_invoke(Object(UsersController), Object(CakeRequest), Object(CakeResponse))
#2 C:\wamp\www\destinos\admin\webroot\index.php(108): Dispatcher->dispatch(Object(CakeRequest), Object(CakeResponse))
#3 {main}
2014-03-30 20:30:03 Error: [MissingViewException] View file "C:\wamp\www\destinos\admin\View\Users\login.ctp" is missing.
Exception Attributes: array (
  'file' => 'C:\\wamp\\www\\destinos\\admin\\View\\Users\\login.ctp',
)
Request URL: /destinos/admin/users/login
Stack Trace:
#0 C:\wamp\www\destinos\lib\Cake\View\View.php(457): View->_getViewFileName(NULL)
#1 C:\wamp\www\destinos\lib\Cake\Controller\Controller.php(952): View->render(NULL, NULL)
#2 C:\wamp\www\destinos\lib\Cake\Routing\Dispatcher.php(192): Controller->render()
#3 C:\wamp\www\destinos\lib\Cake\Routing\Dispatcher.php(160): Dispatcher->_invoke(Object(UsersController), Object(CakeRequest), Object(CakeResponse))
#4 C:\wamp\www\destinos\admin\webroot\index.php(108): Dispatcher->dispatch(Object(CakeRequest), Object(CakeResponse))
#5 {main}
2014-03-30 20:30:36 Error: [MissingViewException] View file "C:\wamp\www\destinos\admin\View\Users\login.ctp" is missing.
Exception Attributes: array (
  'file' => 'C:\\wamp\\www\\destinos\\admin\\View\\Users\\login.ctp',
)
Request URL: /destinos/admin/users/login
Stack Trace:
#0 C:\wamp\www\destinos\lib\Cake\View\View.php(457): View->_getViewFileName(NULL)
#1 C:\wamp\www\destinos\lib\Cake\Controller\Controller.php(952): View->render(NULL, NULL)
#2 C:\wamp\www\destinos\lib\Cake\Routing\Dispatcher.php(192): Controller->render()
#3 C:\wamp\www\destinos\lib\Cake\Routing\Dispatcher.php(160): Dispatcher->_invoke(Object(UsersController), Object(CakeRequest), Object(CakeResponse))
#4 C:\wamp\www\destinos\admin\webroot\index.php(108): Dispatcher->dispatch(Object(CakeRequest), Object(CakeResponse))
#5 {main}
2014-03-30 20:39:13 Error: [MissingViewException] View file "C:\wamp\www\destinos\admin\View\Users\index.ctp" is missing.
Exception Attributes: array (
  'file' => 'C:\\wamp\\www\\destinos\\admin\\View\\Users\\index.ctp',
)
Request URL: /destinos/admin/users
Stack Trace:
#0 C:\wamp\www\destinos\lib\Cake\View\View.php(457): View->_getViewFileName(NULL)
#1 C:\wamp\www\destinos\lib\Cake\Controller\Controller.php(952): View->render(NULL, NULL)
#2 C:\wamp\www\destinos\lib\Cake\Routing\Dispatcher.php(192): Controller->render()
#3 C:\wamp\www\destinos\lib\Cake\Routing\Dispatcher.php(160): Dispatcher->_invoke(Object(UsersController), Object(CakeRequest), Object(CakeResponse))
#4 C:\wamp\www\destinos\admin\webroot\index.php(108): Dispatcher->dispatch(Object(CakeRequest), Object(CakeResponse))
#5 {main}
2014-03-30 21:27:32 Error: [MissingConnectionException] Database connection "Mysql" is missing, or could not be created.
Exception Attributes: array (
  'class' => 'Mysql',
  'message' => 'SQLSTATE[HY000] [1049] Unknown database \'destinos_dev\'',
  'enabled' => true,
)
Request URL: /destinos/admin/
Stack Trace:
#0 C:\wamp\www\destinos\lib\Cake\Model\Datasource\DboSource.php(260): Mysql->connect()
#1 C:\wamp\www\destinos\lib\Cake\Model\ConnectionManager.php(105): DboSource->__construct(Array)
#2 C:\wamp\www\destinos\lib\Cake\Model\Model.php(3471): ConnectionManager::getDataSource('default')
#3 C:\wamp\www\destinos\lib\Cake\Model\Model.php(1126): Model->setDataSource('default')
#4 C:\wamp\www\destinos\lib\Cake\Model\Model.php(3493): Model->setSource('locations')
#5 C:\wamp\www\destinos\lib\Cake\Model\Model.php(2897): Model->getDataSource()
#6 C:\wamp\www\destinos\lib\Cake\Model\Model.php(2869): Model->_readDataSource('all', Array)
#7 C:\wamp\www\destinos\lib\Cake\Controller\Component\PaginatorComponent.php(196): Model->find('all', Array)
#8 C:\wamp\www\destinos\admin\Controller\LocationsController.php(27): PaginatorComponent->paginate()
#9 [internal function]: LocationsController->index()
#10 C:\wamp\www\destinos\lib\Cake\Controller\Controller.php(490): ReflectionMethod->invokeArgs(Object(LocationsController), Array)
#11 C:\wamp\www\destinos\lib\Cake\Routing\Dispatcher.php(185): Controller->invokeAction(Object(CakeRequest))
#12 C:\wamp\www\destinos\lib\Cake\Routing\Dispatcher.php(160): Dispatcher->_invoke(Object(LocationsController), Object(CakeRequest), Object(CakeResponse))
#13 C:\wamp\www\destinos\admin\webroot\index.php(108): Dispatcher->dispatch(Object(CakeRequest), Object(CakeResponse))
#14 {main}
2014-03-30 21:28:37 Error: [MissingConnectionException] Database connection "Mysql" is missing, or could not be created.
Exception Attributes: array (
  'class' => 'Mysql',
  'message' => 'SQLSTATE[HY000] [1049] Unknown database \'destinos_dev\'',
  'enabled' => true,
)
Request URL: /destinos/admin/
Stack Trace:
#0 C:\wamp\www\destinos\lib\Cake\Model\Datasource\DboSource.php(260): Mysql->connect()
#1 C:\wamp\www\destinos\lib\Cake\Model\ConnectionManager.php(105): DboSource->__construct(Array)
#2 C:\wamp\www\destinos\lib\Cake\Model\Model.php(3471): ConnectionManager::getDataSource('default')
#3 C:\wamp\www\destinos\lib\Cake\Model\Model.php(1126): Model->setDataSource('default')
#4 C:\wamp\www\destinos\lib\Cake\Model\Model.php(3493): Model->setSource('locations')
#5 C:\wamp\www\destinos\lib\Cake\Model\Model.php(2897): Model->getDataSource()
#6 C:\wamp\www\destinos\lib\Cake\Model\Model.php(2869): Model->_readDataSource('all', Array)
#7 C:\wamp\www\destinos\lib\Cake\Controller\Component\PaginatorComponent.php(196): Model->find('all', Array)
#8 C:\wamp\www\destinos\admin\Controller\LocationsController.php(27): PaginatorComponent->paginate()
#9 [internal function]: LocationsController->index()
#10 C:\wamp\www\destinos\lib\Cake\Controller\Controller.php(490): ReflectionMethod->invokeArgs(Object(LocationsController), Array)
#11 C:\wamp\www\destinos\lib\Cake\Routing\Dispatcher.php(185): Controller->invokeAction(Object(CakeRequest))
#12 C:\wamp\www\destinos\lib\Cake\Routing\Dispatcher.php(160): Dispatcher->_invoke(Object(LocationsController), Object(CakeRequest), Object(CakeResponse))
#13 C:\wamp\www\destinos\admin\webroot\index.php(108): Dispatcher->dispatch(Object(CakeRequest), Object(CakeResponse))
#14 {main}
2014-04-02 17:19:53 Error: [MissingControllerException] Controller class AddController could not be found.
Exception Attributes: array (
  'class' => 'AddController',
  'plugin' => NULL,
)
Request URL: /destinos/admin/add
Stack Trace:
#0 C:\wamp\www\destinos\admin\webroot\index.php(108): Dispatcher->dispatch(Object(CakeRequest), Object(CakeResponse))
#1 {main}
2014-04-02 19:06:37 Error: Fatal Error (4): syntax error, unexpected 'App' (T_STRING) in [C:\wamp\www\destinos\admin\Model\User.php, line 4]
2014-04-02 19:06:37 Error: [FatalErrorException] syntax error, unexpected 'App' (T_STRING)
Request URL: /destinos/admin/users/login
Stack Trace:
#0 C:\wamp\www\destinos\lib\Cake\Error\ErrorHandler.php(203): ErrorHandler::handleFatalError(4, 'syntax error, u...', 'C:\wamp\www\des...', 4)
#1 [internal function]: ErrorHandler::handleError(4, 'syntax error, u...', 'C:\wamp\www\des...', 4, Array)
#2 C:\wamp\www\destinos\lib\Cake\Core\App.php(929): call_user_func('ErrorHandler::h...', 4, 'syntax error, u...', 'C:\wamp\www\des...', 4, Array)
#3 C:\wamp\www\destinos\lib\Cake\Core\App.php(902): App::_checkFatalError()
#4 [internal function]: App::shutdown()
#5 {main}
2014-04-02 19:06:55 Error: Fatal Error (4): syntax error, unexpected 'App' (T_STRING) in [C:\wamp\www\destinos\admin\Model\User.php, line 4]
2014-04-02 19:06:55 Error: [FatalErrorException] syntax error, unexpected 'App' (T_STRING)
Request URL: /destinos/admin/users/login
Stack Trace:
#0 C:\wamp\www\destinos\lib\Cake\Error\ErrorHandler.php(203): ErrorHandler::handleFatalError(4, 'syntax error, u...', 'C:\wamp\www\des...', 4)
#1 [internal function]: ErrorHandler::handleError(4, 'syntax error, u...', 'C:\wamp\www\des...', 4, Array)
#2 C:\wamp\www\destinos\lib\Cake\Core\App.php(929): call_user_func('ErrorHandler::h...', 4, 'syntax error, u...', 'C:\wamp\www\des...', 4, Array)
#3 C:\wamp\www\destinos\lib\Cake\Core\App.php(902): App::_checkFatalError()
#4 [internal function]: App::shutdown()
#5 {main}
2014-04-02 20:33:54 Error: Fatal Error (4): syntax error, unexpected 'App' (T_STRING) in [C:\wamp\www\destinos\admin\Model\User.php, line 4]
2014-04-02 20:33:54 Error: [FatalErrorException] syntax error, unexpected 'App' (T_STRING)
Request URL: /destinos/admin/users/login
Stack Trace:
#0 C:\wamp\www\destinos\lib\Cake\Error\ErrorHandler.php(203): ErrorHandler::handleFatalError(4, 'syntax error, u...', 'C:\wamp\www\des...', 4)
#1 [internal function]: ErrorHandler::handleError(4, 'syntax error, u...', 'C:\wamp\www\des...', 4, Array)
#2 C:\wamp\www\destinos\lib\Cake\Core\App.php(929): call_user_func('ErrorHandler::h...', 4, 'syntax error, u...', 'C:\wamp\www\des...', 4, Array)
#3 C:\wamp\www\destinos\lib\Cake\Core\App.php(902): App::_checkFatalError()
#4 [internal function]: App::shutdown()
#5 {main}
2014-04-02 20:35:22 Error: Fatal Error (4): syntax error, unexpected 'App' (T_STRING) in [C:\wamp\www\destinos\admin\Model\User.php, line 4]
2014-04-02 20:35:22 Error: [FatalErrorException] syntax error, unexpected 'App' (T_STRING)
Request URL: /destinos/admin/users/login
Stack Trace:
#0 C:\wamp\www\destinos\lib\Cake\Error\ErrorHandler.php(203): ErrorHandler::handleFatalError(4, 'syntax error, u...', 'C:\wamp\www\des...', 4)
#1 [internal function]: ErrorHandler::handleError(4, 'syntax error, u...', 'C:\wamp\www\des...', 4, Array)
#2 C:\wamp\www\destinos\lib\Cake\Core\App.php(929): call_user_func('ErrorHandler::h...', 4, 'syntax error, u...', 'C:\wamp\www\des...', 4, Array)
#3 C:\wamp\www\destinos\lib\Cake\Core\App.php(902): App::_checkFatalError()
#4 [internal function]: App::shutdown()
#5 {main}
2014-04-02 20:41:02 Error: Fatal Error (4): syntax error, unexpected 'App' (T_STRING) in [C:\wamp\www\destinos\admin\Model\User.php, line 4]
2014-04-02 20:41:02 Error: [FatalErrorException] syntax error, unexpected 'App' (T_STRING)
Request URL: /destinos/admin/users/login
Stack Trace:
#0 C:\wamp\www\destinos\lib\Cake\Error\ErrorHandler.php(203): ErrorHandler::handleFatalError(4, 'syntax error, u...', 'C:\wamp\www\des...', 4)
#1 [internal function]: ErrorHandler::handleError(4, 'syntax error, u...', 'C:\wamp\www\des...', 4, Array)
#2 C:\wamp\www\destinos\lib\Cake\Core\App.php(929): call_user_func('ErrorHandler::h...', 4, 'syntax error, u...', 'C:\wamp\www\des...', 4, Array)
#3 C:\wamp\www\destinos\lib\Cake\Core\App.php(902): App::_checkFatalError()
#4 [internal function]: App::shutdown()
#5 {main}
2014-04-02 20:44:33 Error: [MissingControllerException] Controller class AddController could not be found.
Exception Attributes: array (
  'class' => 'AddController',
  'plugin' => NULL,
)
Request URL: /destinos/admin/add
Stack Trace:
#0 C:\wamp\www\destinos\admin\webroot\index.php(108): Dispatcher->dispatch(Object(CakeRequest), Object(CakeResponse))
#1 {main}
2014-04-02 20:49:37 Error: [MissingControllerException] Controller class AddController could not be found.
Exception Attributes: array (
  'class' => 'AddController',
  'plugin' => NULL,
)
Request URL: /destinos/admin/add
Stack Trace:
#0 C:\wamp\www\destinos\admin\webroot\index.php(108): Dispatcher->dispatch(Object(CakeRequest), Object(CakeResponse))
#1 {main}
2014-04-02 20:53:04 Error: [MissingControllerException] Controller class AddController could not be found.
Exception Attributes: array (
  'class' => 'AddController',
  'plugin' => NULL,
)
Request URL: /destinos/admin/add
Stack Trace:
#0 C:\wamp\www\destinos\admin\webroot\index.php(108): Dispatcher->dispatch(Object(CakeRequest), Object(CakeResponse))
#1 {main}
2014-04-02 20:53:47 Error: [MissingControllerException] Controller class AddController could not be found.
Exception Attributes: array (
  'class' => 'AddController',
  'plugin' => NULL,
)
Request URL: /destinos/admin/add
Stack Trace:
#0 C:\wamp\www\destinos\admin\webroot\index.php(108): Dispatcher->dispatch(Object(CakeRequest), Object(CakeResponse))
#1 {main}
2014-04-03 20:31:42 Error: Fatal Error (4): syntax error, unexpected end of file in [C:\wamp\www\destinos\admin\View\Entrepreneurs\view.ctp, line 131]
2014-04-03 20:31:42 Error: [FatalErrorException] syntax error, unexpected end of file
Request URL: /destinos/admin/entrepreneurs/view/1
Stack Trace:
#0 C:\wamp\www\destinos\lib\Cake\Error\ErrorHandler.php(203): ErrorHandler::handleFatalError(4, 'syntax error, u...', 'C:\wamp\www\des...', 131)
#1 [internal function]: ErrorHandler::handleError(4, 'syntax error, u...', 'C:\wamp\www\des...', 131, Array)
#2 C:\wamp\www\destinos\lib\Cake\Core\App.php(929): call_user_func('ErrorHandler::h...', 4, 'syntax error, u...', 'C:\wamp\www\des...', 131, Array)
#3 C:\wamp\www\destinos\lib\Cake\Core\App.php(902): App::_checkFatalError()
#4 [internal function]: App::shutdown()
#5 {main}
2014-04-03 20:32:56 Error: Fatal Error (4): syntax error, unexpected '/' in [C:\wamp\www\destinos\admin\View\Entrepreneurs\view.ctp, line 131]
2014-04-03 20:32:56 Error: [FatalErrorException] syntax error, unexpected '/'
Request URL: /destinos/admin/entrepreneurs/view/1
Stack Trace:
#0 C:\wamp\www\destinos\lib\Cake\Error\ErrorHandler.php(203): ErrorHandler::handleFatalError(4, 'syntax error, u...', 'C:\wamp\www\des...', 131)
#1 [internal function]: ErrorHandler::handleError(4, 'syntax error, u...', 'C:\wamp\www\des...', 131, Array)
#2 C:\wamp\www\destinos\lib\Cake\Core\App.php(929): call_user_func('ErrorHandler::h...', 4, 'syntax error, u...', 'C:\wamp\www\des...', 131, Array)
#3 C:\wamp\www\destinos\lib\Cake\Core\App.php(902): App::_checkFatalError()
#4 [internal function]: App::shutdown()
#5 {main}
2014-04-03 20:33:11 Error: Fatal Error (4): syntax error, unexpected '/' in [C:\wamp\www\destinos\admin\View\Entrepreneurs\view.ctp, line 131]
2014-04-03 20:33:11 Error: [FatalErrorException] syntax error, unexpected '/'
Request URL: /destinos/admin/entrepreneurs/view/1
Stack Trace:
#0 C:\wamp\www\destinos\lib\Cake\Error\ErrorHandler.php(203): ErrorHandler::handleFatalError(4, 'syntax error, u...', 'C:\wamp\www\des...', 131)
#1 [internal function]: ErrorHandler::handleError(4, 'syntax error, u...', 'C:\wamp\www\des...', 131, Array)
#2 C:\wamp\www\destinos\lib\Cake\Core\App.php(929): call_user_func('ErrorHandler::h...', 4, 'syntax error, u...', 'C:\wamp\www\des...', 131, Array)
#3 C:\wamp\www\destinos\lib\Cake\Core\App.php(902): App::_checkFatalError()
#4 [internal function]: App::shutdown()
#5 {main}
2014-04-03 22:45:36 Error: [MissingViewException] View file "C:\wamp\www\destinos\admin\View\Itineraries\add.ctp" is missing.
Exception Attributes: array (
  'file' => 'C:\\wamp\\www\\destinos\\admin\\View\\Itineraries\\add.ctp',
)
Request URL: /destinos/admin/itineraries/add
Stack Trace:
#0 C:\wamp\www\destinos\lib\Cake\View\View.php(457): View->_getViewFileName(NULL)
#1 C:\wamp\www\destinos\lib\Cake\Controller\Controller.php(952): View->render(NULL, NULL)
#2 C:\wamp\www\destinos\lib\Cake\Routing\Dispatcher.php(192): Controller->render()
#3 C:\wamp\www\destinos\lib\Cake\Routing\Dispatcher.php(160): Dispatcher->_invoke(Object(ItinerariesController), Object(CakeRequest), Object(CakeResponse))
#4 C:\wamp\www\destinos\admin\webroot\index.php(108): Dispatcher->dispatch(Object(CakeRequest), Object(CakeResponse))
#5 {main}
